<?xml version="1.0" encoding="UTF-8"?>
<!-- Generated by org.testng.reporters.JUnitReportReporter -->
<testsuite hostname="DESKTOP-EJ545S4" failures="0" tests="3" name="test_NG.Cross_Parallel_Browser" time="9.514" errors="0" timestamp="2024-05-19T23:42:21 IST" skipped="0">
  <testcase classname="test_NG.Cross_Parallel_Browser" name="Launch_Browser" time="2.047"/>
  <system-out/>
  <testcase classname="test_NG.Cross_Parallel_Browser" name="Launch_Browser" time="3.691"/>
  <system-out/>
  <testcase classname="test_NG.Cross_Parallel_Browser" name="Launch_Browser" time="3.776"/>
  <system-out/>
</testsuite> <!-- test_NG.Cross_Parallel_Browser -->
