<?xml version="1.0" encoding="UTF-8"?>
<!-- Generated by org.testng.reporters.JUnitReportReporter -->
<testsuite hostname="DESKTOP-EJ545S4" failures="0" tests="1" name="test_NG.Annotation_Test" time="1.878" errors="0" timestamp="2024-05-19T22:52:21 IST" skipped="0">
  <testcase classname="test_NG.Annotation_Test" name="launch_google" time="1.878"/>
  <system-out/>
</testsuite> <!-- test_NG.Annotation_Test -->
