<?xml version="1.0" encoding="UTF-8"?>
<!-- Generated by org.testng.reporters.JUnitReportReporter -->
<testsuite hostname="DESKTOP-EJ545S4" failures="0" tests="2" name="test_NG.Grouping_Of_Test_Cases" time="0.006" errors="0" timestamp="2024-05-19T23:57:41 IST" skipped="0">
  <testcase classname="test_NG.Grouping_Of_Test_Cases" name="TestCase3" time="0.000"/>
  <system-out/>
  <testcase classname="test_NG.Grouping_Of_Test_Cases" name="TestCase2" time="0.006"/>
  <system-out/>
</testsuite> <!-- test_NG.Grouping_Of_Test_Cases -->
