<?xml version="1.0" encoding="UTF-8"?>
<!-- Generated by org.testng.reporters.JUnitReportReporter -->
<testsuite hostname="DESKTOP-EJ545S4" failures="0" tests="2" name="test_NG.Annotation_TestNG" time="0.006" errors="0" timestamp="2024-05-19T23:08:55 IST" skipped="0">
  <testcase classname="test_NG.Annotation_TestNG" name="Bhallo" time="0.002"/>
  <system-out/>
  <testcase classname="test_NG.Annotation_TestNG" name="Aloo" time="0.004"/>
  <system-out/>
</testsuite> <!-- test_NG.Annotation_TestNG -->
