<?xml version="1.0" encoding="UTF-8"?>
<!-- Generated by org.testng.reporters.JUnitReportReporter -->
<testsuite hostname="DESKTOP-EJ545S4" failures="0" tests="14" name="test_NG.Annotations_Parameters" time="1.727" errors="0" timestamp="2024-05-19T23:24:52 IST" skipped="1">
  <testcase classname="test_NG.Annotations_Parameters" name="Method_1" time="0.001"/>
  <system-out/>
  <testcase classname="test_NG.Annotations_Parameters" name="Method_1" time="0.001"/>
  <system-out/>
  <testcase classname="test_NG.Annotations_Parameters" name="Method_1" time="0.007"/>
  <system-out/>
  <testcase classname="test_NG.Annotations_Parameters" name="Method_1" time="0.000"/>
  <system-out/>
  <testcase classname="test_NG.Annotations_Parameters" name="Method_5" time="0.000"/>
  <system-out/>
  <testcase classname="test_NG.Annotations_Parameters" name="Method_4" time="1.716"/>
  <system-out/>
  <testcase classname="test_NG.Annotations_Parameters" name="Method_1" time="0.001"/>
  <system-out/>
  <testcase classname="test_NG.Annotations_Parameters" name="Method_1" time="0.000"/>
  <system-out/>
  <testcase classname="test_NG.Annotations_Parameters" name="Method_1" time="0.000"/>
  <system-out/>
  <testcase classname="test_NG.Annotations_Parameters" name="Method_1" time="0.001"/>
  <system-out/>
  <testcase classname="test_NG.Annotations_Parameters" name="Method_1" time="0.000"/>
  <system-out/>
  <testcase classname="test_NG.Annotations_Parameters" name="Method_1" time="0.000"/>
  <system-out/>
  <testcase classname="test_NG.Annotations_Parameters" name="Method_2" time="0.000"/>
  <system-out/>
  <testcase classname="test_NG.Annotations_Parameters" name="Method_3">
    <skipped/>
  </testcase> <!-- Method_3 -->
  <system-out/>
</testsuite> <!-- test_NG.Annotations_Parameters -->
