<?xml version="1.0" encoding="UTF-8"?>
<!-- Generated by org.testng.reporters.JUnitReportReporter -->
<testsuite hostname="DESKTOP-EJ545S4" failures="0" tests="10" name="test_NG.Invocation_Count" time="0.011" errors="0" timestamp="2024-05-19T23:16:09 IST" skipped="0">
  <testcase classname="test_NG.Invocation_Count" name="Aloo" time="0.000"/>
  <system-out/>
  <testcase classname="test_NG.Invocation_Count" name="Aloo" time="0.000"/>
  <system-out/>
  <testcase classname="test_NG.Invocation_Count" name="Aloo" time="0.001"/>
  <system-out/>
  <testcase classname="test_NG.Invocation_Count" name="Aloo" time="0.000"/>
  <system-out/>
  <testcase classname="test_NG.Invocation_Count" name="Aloo" time="0.008"/>
  <system-out/>
  <testcase classname="test_NG.Invocation_Count" name="Aloo" time="0.000"/>
  <system-out/>
  <testcase classname="test_NG.Invocation_Count" name="Aloo" time="0.001"/>
  <system-out/>
  <testcase classname="test_NG.Invocation_Count" name="Aloo" time="0.000"/>
  <system-out/>
  <testcase classname="test_NG.Invocation_Count" name="Aloo" time="0.001"/>
  <system-out/>
  <testcase classname="test_NG.Invocation_Count" name="Aloo" time="0.000"/>
  <system-out/>
</testsuite> <!-- test_NG.Invocation_Count -->
