<?xml version="1.0" encoding="UTF-8"?>
<!-- Generated by org.testng.reporters.JUnitReportReporter -->
<testsuite hostname="DESKTOP-EJ545S4" failures="0" tests="1" name="test_NG.Broken_Links" time="4.971" errors="0" timestamp="2024-05-25T00:22:26 IST" skipped="0">
  <testcase classname="test_NG.Broken_Links" name="broken_links" time="4.971"/>
  <system-out/>
</testsuite> <!-- test_NG.Broken_Links -->
