<?xml version="1.0" encoding="UTF-8"?>
<!-- Generated by org.testng.reporters.JUnitReportReporter -->
<testsuite hostname="DESKTOP-EJ545S4" failures="0" tests="5" name="test_NG.Annotations_Priority" time="0.009" errors="0" timestamp="2024-05-19T23:13:59 IST" skipped="0">
  <testcase classname="test_NG.Annotations_Priority" name="Aloo2" time="0.006"/>
  <system-out/>
  <testcase classname="test_NG.Annotations_Priority" name="Aloo4" time="0.001"/>
  <system-out/>
  <testcase classname="test_NG.Annotations_Priority" name="Aloo" time="0.000"/>
  <system-out/>
  <testcase classname="test_NG.Annotations_Priority" name="Aloo1" time="0.001"/>
  <system-out/>
  <testcase classname="test_NG.Annotations_Priority" name="Aloo3" time="0.001"/>
  <system-out/>
</testsuite> <!-- test_NG.Annotations_Priority -->
