<?xml version="1.0" encoding="UTF-8"?>
<!-- Generated by org.testng.reporters.JUnitReportReporter -->
<testsuite hostname="DESKTOP-EJ545S4" failures="0" tests="1" name="testCases_SpiceJet.TestCase_11" time="14.426" errors="0" timestamp="2024-06-09T01:10:28 IST" skipped="0">
  <testcase classname="testCases_SpiceJet.TestCase_11" name="passenger_info" time="14.426">
    <system-out>
      <![CDATA[Automation TestCases by : Pankaj]]>
    </system-out>
  </testcase> <!-- passenger_info -->
  <system-out>
    <![CDATA[Automation TestCases by : Pankaj]]>
  </system-out>
</testsuite> <!-- testCases_SpiceJet.TestCase_11 -->
