<?xml version="1.0" encoding="UTF-8"?>
<!-- Generated by org.testng.reporters.JUnitReportReporter -->
<testsuite hostname="DESKTOP-EJ545S4" failures="0" tests="1" name="testCases_SpiceJet.Testcase_7" time="6.475" errors="0" timestamp="2024-06-08T00:47:26 IST" skipped="0">
  <testcase classname="testCases_SpiceJet.Testcase_7" name="MultiCity_Search" time="6.475">
    <system-out>
      <![CDATA[Automation TestCases by : Pankaj]]>
    </system-out>
  </testcase> <!-- MultiCity_Search -->
  <system-out>
    <![CDATA[Automation TestCases by : Pankaj
Automation TestCases by : Pankaj
Automation TestCases by : Pankaj
Automation TestCases by : Pankaj
Automation TestCases by : Pankaj
Automation TestCases by : Pankaj
Automation TestCases by : Pankaj
Automation TestCases by : Pankaj]]>
  </system-out>
</testsuite> <!-- testCases_SpiceJet.Testcase_7 -->
