<?xml version="1.0" encoding="UTF-8"?>
<!-- Generated by org.testng.reporters.JUnitReportReporter -->
<testsuite hostname="DESKTOP-EJ545S4" failures="0" tests="1" name="testCases_SpiceJet.TestCase_5" time="7.051" errors="0" timestamp="2024-06-08T21:27:26 IST" skipped="0">
  <testcase classname="testCases_SpiceJet.TestCase_5" name="Round_Trip" time="7.051">
    <system-out>
      <![CDATA[Automation TestCases by : Pankaj]]>
    </system-out>
  </testcase> <!-- Round_Trip -->
  <system-out>
    <![CDATA[Automation TestCases by : Pankaj]]>
  </system-out>
</testsuite> <!-- testCases_SpiceJet.TestCase_5 -->
