<?xml version="1.0" encoding="UTF-8"?>
<!-- Generated by org.testng.reporters.JUnitReportReporter -->
<testsuite hostname="DESKTOP-EJ545S4" failures="0" tests="1" name="testCases_SpiceJet.Testcase_9" time="7.632" errors="0" timestamp="2024-06-08T22:53:55 IST" skipped="0">
  <testcase classname="testCases_SpiceJet.Testcase_9" name="Multiple_Passenger" time="7.632">
    <system-out>
      <![CDATA[Automation TestCases by : Pankaj]]>
    </system-out>
  </testcase> <!-- Multiple_Passenger -->
  <system-out>
    <![CDATA[Automation TestCases by : Pankaj]]>
  </system-out>
</testsuite> <!-- testCases_SpiceJet.Testcase_9 -->
