<?xml version="1.0" encoding="UTF-8"?>
<!-- Generated by org.testng.reporters.JUnitReportReporter -->
<testsuite hostname="DESKTOP-EJ545S4" failures="0" tests="1" name="testCases_SpiceJet.TestCase_6" time="8.321" errors="0" timestamp="2024-06-08T21:31:04 IST" skipped="0">
  <testcase classname="testCases_SpiceJet.TestCase_6" name="senior_citizen" time="8.321">
    <system-out>
      <![CDATA[Automation TestCases by : Pankaj]]>
    </system-out>
  </testcase> <!-- senior_citizen -->
  <system-out>
    <![CDATA[Automation TestCases by : Pankaj]]>
  </system-out>
</testsuite> <!-- testCases_SpiceJet.TestCase_6 -->
