<?xml version="1.0" encoding="UTF-8"?>
<!-- Generated by org.testng.reporters.JUnitReportReporter -->
<testsuite hostname="DESKTOP-EJ545S4" failures="0" tests="1" name="testCases_SpiceJet.TestCase_14" time="8.991" errors="0" timestamp="2024-06-17T14:29:48 IST" skipped="0">
  <testcase classname="testCases_SpiceJet.TestCase_14" name="Domestic_RoundTrip" time="8.991">
    <system-out>
      <![CDATA[Automation TestCases by : Pankaj]]>
    </system-out>
  </testcase> <!-- Domestic_RoundTrip -->
  <system-out>
    <![CDATA[Automation TestCases by : Pankaj]]>
  </system-out>
</testsuite> <!-- testCases_SpiceJet.TestCase_14 -->
