<?xml version="1.0" encoding="UTF-8"?>
<!-- Generated by org.testng.reporters.JUnitReportReporter -->
<testsuite hostname="DESKTOP-EJ545S4" failures="0" tests="1" name="testCases_SpiceJet.TestCase_12" time="17.969" errors="0" timestamp="2024-06-17T13:41:48 IST" skipped="0">
  <testcase classname="testCases_SpiceJet.TestCase_12" name="login_search_logout" time="17.969">
    <system-out>
      <![CDATA[Automation TestCases by : Pankaj]]>
    </system-out>
  </testcase> <!-- login_search_logout -->
  <system-out>
    <![CDATA[Automation TestCases by : Pankaj]]>
  </system-out>
</testsuite> <!-- testCases_SpiceJet.TestCase_12 -->
