<?xml version="1.0" encoding="UTF-8"?>
<!-- Generated by org.testng.reporters.JUnitReportReporter -->
<testsuite hostname="DESKTOP-EJ545S4" failures="0" tests="5" name="selenium.program.Data_Provider_2" time="13.957" errors="0" timestamp="2024-05-10T23:20:58 IST" skipped="0">
  <testcase classname="selenium.program.Data_Provider_2" name="data_pro1" time="2.695"/>
  <system-out/>
  <testcase classname="selenium.program.Data_Provider_2" name="data_pro1" time="2.996"/>
  <system-out/>
  <testcase classname="selenium.program.Data_Provider_2" name="data_pro1" time="2.681"/>
  <system-out/>
  <testcase classname="selenium.program.Data_Provider_2" name="data_pro1" time="2.761"/>
  <system-out/>
  <testcase classname="selenium.program.Data_Provider_2" name="data_pro1" time="2.824"/>
  <system-out/>
</testsuite> <!-- selenium.program.Data_Provider_2 -->
