<?xml version="1.0" encoding="UTF-8"?>
<!-- Generated by org.testng.reporters.JUnitReportReporter -->
<testsuite hostname="DESKTOP-EJ545S4" failures="0" tests="1" name="testng_1.TestCase_1" time="0.006" errors="0" timestamp="2024-05-01T14:32:18 IST" skipped="0">
  <testcase classname="testng_1.TestCase_1" name="add" time="0.006"/>
  <system-out/>
</testsuite> <!-- testng_1.TestCase_1 -->
