<?xml version="1.0" encoding="UTF-8"?>
<!-- Generated by org.testng.reporters.JUnitReportReporter -->
<testsuite hostname="DESKTOP-EJ545S4" failures="0" tests="1" name="selenium.program.Reporter_Log" time="2.705" errors="0" timestamp="2024-05-10T22:49:03 IST" skipped="0">
  <testcase classname="selenium.program.Reporter_Log" name="reporter_log" time="2.705"/>
  <system-out>
    <![CDATA[This test case is verified by pankaj]]>
  </system-out>
</testsuite> <!-- selenium.program.Reporter_Log -->
