<?xml version="1.0" encoding="UTF-8"?>
<!-- Generated by org.testng.reporters.JUnitReportReporter -->
<testsuite hostname="DESKTOP-EJ545S4" failures="0" tests="1" name="testCases_FB.TestCase_1" time="4.072" errors="0" timestamp="2024-05-18T23:45:35 IST" skipped="0">
  <testcase classname="testCases_FB.TestCase_1" name="Login_to_FB" time="4.072"/>
  <system-out/>
</testsuite> <!-- testCases_FB.TestCase_1 -->
