<?xml version="1.0" encoding="UTF-8"?>
<!-- Generated by org.testng.reporters.JUnitReportReporter -->
<testsuite hostname="DESKTOP-EJ545S4" failures="0" tests="1" name="testCases.POM.TestCase_1" time="2.184" errors="0" timestamp="2024-05-16T00:09:36 IST" skipped="0">
  <testcase classname="testCases.POM.TestCase_1" name="logintoFB" time="2.184"/>
  <system-out/>
</testsuite> <!-- testCases.POM.TestCase_1 -->
