<?xml version="1.0" encoding="UTF-8"?>
<!-- Generated by org.testng.reporters.JUnitReportReporter -->
<testsuite hostname="DESKTOP-EJ545S4" failures="0" tests="1" name="testCases_Amazon.TestCase_15" time="14.992" errors="0" timestamp="2024-05-26T01:15:00 IST" skipped="0">
  <testcase classname="testCases_Amazon.TestCase_15" name="without_login" time="14.992"/>
</testsuite> <!-- testCases_Amazon.TestCase_15 -->
