<?xml version="1.0" encoding="UTF-8"?>
<!-- Generated by org.testng.reporters.JUnitReportReporter -->
<testsuite hostname="DESKTOP-EJ545S4" failures="0" tests="1" name="testCases_Amazon.TestCase_9" time="17.961" errors="0" timestamp="2024-05-25T22:46:16 IST" skipped="0">
  <testcase classname="testCases_Amazon.TestCase_9" name="add_to_cart" time="17.961"/>
</testsuite> <!-- testCases_Amazon.TestCase_9 -->
