<?xml version="1.0" encoding="UTF-8"?>
<!-- Generated by org.testng.reporters.JUnitReportReporter -->
<testsuite hostname="DESKTOP-EJ545S4" failures="0" tests="1" name="testCases_Amazon.TestCase_12" time="27.442" errors="0" timestamp="2024-05-26T00:44:36 IST" skipped="0">
  <testcase classname="testCases_Amazon.TestCase_12" name="Cart_Count" time="27.442"/>
</testsuite> <!-- testCases_Amazon.TestCase_12 -->
