<?xml version="1.0" encoding="UTF-8"?>
<!-- Generated by org.testng.reporters.JUnitReportReporter -->
<testsuite hostname="DESKTOP-EJ545S4" failures="0" tests="1" name="testCases_Amazon.TestCase_10" time="18.888" errors="0" timestamp="2024-05-25T23:04:47 IST" skipped="0">
  <testcase classname="testCases_Amazon.TestCase_10" name="cart_add_remove" time="18.888"/>
</testsuite> <!-- testCases_Amazon.TestCase_10 -->
