<?xml version="1.0" encoding="UTF-8"?>
<!-- Generated by org.testng.reporters.JUnitReportReporter -->
<testsuite hostname="DESKTOP-EJ545S4" failures="0" tests="1" name="testCases_Amazon.TestCase_6" time="16.446" errors="0" timestamp="2024-05-22T07:35:52 IST" skipped="0">
  <testcase classname="testCases_Amazon.TestCase_6" name="category_shoe" time="16.446"/>
</testsuite> <!-- testCases_Amazon.TestCase_6 -->
