<?xml version="1.0" encoding="UTF-8"?>
<!-- Generated by org.testng.reporters.JUnitReportReporter -->
<testsuite hostname="DESKTOP-EJ545S4" failures="0" tests="1" name="testCases_Amazon.TestCase_1" time="9.257" errors="0" timestamp="2024-05-22T07:34:58 IST" skipped="0">
  <testcase classname="testCases_Amazon.TestCase_1" name="Registration_Amazon" time="9.257"/>
</testsuite> <!-- testCases_Amazon.TestCase_1 -->
