<?xml version="1.0" encoding="UTF-8"?>
<!-- Generated by org.testng.reporters.JUnitReportReporter -->
<testsuite hostname="DESKTOP-EJ545S4" failures="0" tests="1" name="testCases_Amazon.TestCase_2" time="9.919" errors="0" timestamp="2024-05-23T07:43:18 IST" skipped="0">
  <testcase classname="testCases_Amazon.TestCase_2" name="Login_Amazon" time="9.919"/>
</testsuite> <!-- testCases_Amazon.TestCase_2 -->
