<?xml version="1.0" encoding="UTF-8"?>
<!-- Generated by org.testng.reporters.JUnitReportReporter -->
<testsuite hostname="DESKTOP-EJ545S4" failures="0" tests="1" name="testCases_Amazon.TestCase_8" time="13.687" errors="0" timestamp="2024-05-25T22:39:54 IST" skipped="0">
  <testcase classname="testCases_Amazon.TestCase_8" name="Shorting_By_Rating" time="13.687"/>
</testsuite> <!-- testCases_Amazon.TestCase_8 -->
