<?xml version="1.0" encoding="UTF-8"?>
<!-- Generated by org.testng.reporters.JUnitReportReporter -->
<testsuite hostname="DESKTOP-EJ545S4" failures="0" tests="1" name="testCases_Amazon.TestCase_11" time="27.994" errors="0" timestamp="2024-05-25T23:54:12 IST" skipped="0">
  <testcase classname="testCases_Amazon.TestCase_11" name="Payment_Method" time="27.994"/>
</testsuite> <!-- testCases_Amazon.TestCase_11 -->
