<?xml version="1.0" encoding="UTF-8"?>
<!-- Generated by org.testng.reporters.JUnitReportReporter -->
<testsuite hostname="DESKTOP-EJ545S4" failures="0" tests="1" name="testCases_Amazon.TestCase_14" time="11.892" errors="0" timestamp="2024-05-26T01:10:56 IST" skipped="0">
  <testcase classname="testCases_Amazon.TestCase_14" name="coupon_code" time="11.892"/>
</testsuite> <!-- testCases_Amazon.TestCase_14 -->
