<?xml version="1.0" encoding="UTF-8"?>
<!-- Generated by org.testng.reporters.JUnitReportReporter -->
<testsuite hostname="DESKTOP-EJ545S4" failures="0" tests="1" name="testCases_Amazon.TestCase_5" time="13.199" errors="0" timestamp="2024-05-22T00:34:58 IST" skipped="0">
  <testcase classname="testCases_Amazon.TestCase_5" name="Shoe_Search" time="13.199"/>
</testsuite> <!-- testCases_Amazon.TestCase_5 -->
