<?xml version="1.0" encoding="UTF-8"?>
<!-- Generated by org.testng.reporters.JUnitReportReporter -->
<testsuite hostname="DESKTOP-EJ545S4" failures="0" tests="1" name="testCases_SpiceJet.TestCase_4" time="14.757" errors="0" timestamp="2024-05-29T00:38:21 IST" skipped="0">
  <testcase classname="testCases_SpiceJet.TestCase_4" name="one_way_flight" time="14.757"/>
</testsuite> <!-- testCases_SpiceJet.TestCase_4 -->
