<?xml version="1.0" encoding="UTF-8"?>
<!-- Generated by org.testng.reporters.JUnitReportReporter -->
<testsuite hostname="DESKTOP-EJ545S4" failures="0" tests="1" name="testCases_SpiceJet.TestCase_6" time="7.692" errors="0" timestamp="2024-05-29T20:49:35 IST" skipped="0">
  <testcase classname="testCases_SpiceJet.TestCase_6" name="senior_citizen" time="7.692"/>
</testsuite> <!-- testCases_SpiceJet.TestCase_6 -->
