<?xml version="1.0" encoding="UTF-8"?>
<!-- Generated by org.testng.reporters.JUnitReportReporter -->
<testsuite hostname="DESKTOP-EJ545S4" failures="0" tests="1" name="testCases_SpiceJet.TestCase_2" time="8.694" errors="0" timestamp="2024-05-28T23:06:11 IST" skipped="0">
  <testcase classname="testCases_SpiceJet.TestCase_2" name="Login" time="8.694"/>
</testsuite> <!-- testCases_SpiceJet.TestCase_2 -->
