<?xml version="1.0" encoding="UTF-8"?>
<!-- Generated by org.testng.reporters.JUnitReportReporter -->
<testsuite hostname="DESKTOP-EJ545S4" failures="0" tests="1" name="testCases_SpiceJet.TestCase_5" time="6.623" errors="0" timestamp="2024-05-29T20:23:41 IST" skipped="0">
  <testcase classname="testCases_SpiceJet.TestCase_5" name="Round_Trip" time="6.623"/>
</testsuite> <!-- testCases_SpiceJet.TestCase_5 -->
