<?xml version="1.0" encoding="UTF-8"?>
<!-- Generated by org.testng.reporters.JUnitReportReporter -->
<testsuite hostname="DESKTOP-EJ545S4" failures="0" tests="1" name="testCases_SpiceJet.TestCase_3" time="8.587" errors="0" timestamp="2024-05-28T23:09:12 IST" skipped="0">
  <testcase classname="testCases_SpiceJet.TestCase_3" name="Login" time="8.587"/>
</testsuite> <!-- testCases_SpiceJet.TestCase_3 -->
