<?xml version="1.0" encoding="UTF-8"?>
<!-- Generated by org.testng.reporters.JUnitReportReporter -->
<testsuite hostname="DESKTOP-EJ545S4" failures="0" tests="1" name="testCases_Amazon.TestCase_2" time="21.981" errors="0" timestamp="2024-05-19T01:06:52 IST" skipped="0">
  <testcase classname="testCases_Amazon.TestCase_2" name="login_to_logout" time="21.981"/>
  <system-out/>
</testsuite> <!-- testCases_Amazon.TestCase_2 -->
