<?xml version="1.0" encoding="UTF-8"?>
<!-- Generated by org.testng.reporters.JUnitReportReporter -->
<testsuite hostname="DESKTOP-EJ545S4" failures="0" tests="1" name="testCases_Amazon.TestCase_1" time="18.206" errors="0" timestamp="2024-05-19T15:06:47 IST" skipped="0">
  <testcase classname="testCases_Amazon.TestCase_1" name="login_to_cart" time="18.206"/>
  <system-out/>
</testsuite> <!-- testCases_Amazon.TestCase_1 -->
