<?xml version="1.0" encoding="UTF-8"?>
<!-- Generated by org.testng.reporters.JUnitReportReporter -->
<testsuite hostname="DESKTOP-EJ545S4" failures="0" tests="1" name="testCases_Amazon.TestCase_3" time="21.803" errors="0" timestamp="2024-05-19T14:46:41 IST" skipped="0">
  <testcase classname="testCases_Amazon.TestCase_3" name="Login_to_Payment" time="21.803"/>
  <system-out/>
</testsuite> <!-- testCases_Amazon.TestCase_3 -->
