<?xml version="1.0" encoding="UTF-8"?>
<!-- Generated by org.testng.reporters.JUnitReportReporter -->
<testsuite hostname="DESKTOP-EJ545S4" failures="0" tests="1" name="test.POM.TestCase2" time="6.384" errors="0" timestamp="2024-05-16T00:51:42 IST" skipped="0">
  <testcase classname="test.POM.TestCase2" name="search" time="6.384"/>
  <system-out/>
</testsuite> <!-- test.POM.TestCase2 -->
