<?xml version="1.0" encoding="UTF-8"?>
<!-- Generated by org.testng.reporters.JUnitReportReporter -->
<testsuite hostname="DESKTOP-EJ545S4" failures="0" tests="3" name="assignment_maven.Assignment_206" time="0.009" errors="0" timestamp="2024-05-05T18:34:43 IST" skipped="0">
  <testcase classname="assignment_maven.Assignment_206" name="add2" time="0.001"/>
  <system-out/>
  <testcase classname="assignment_maven.Assignment_206" name="add1" time="0.008"/>
  <system-out/>
  <testcase classname="assignment_maven.Assignment_206" name="add3" time="0.000"/>
  <system-out/>
</testsuite> <!-- assignment_maven.Assignment_206 -->
