<?xml version="1.0" encoding="UTF-8"?>
<!-- Generated by org.testng.reporters.JUnitReportReporter -->
<testsuite hostname="DESKTOP-EJ545S4" failures="0" tests="3" name="test_ng.TestCase_2" time="5.107" errors="0" timestamp="2024-05-14T03:06:23 IST" skipped="0">
  <testcase classname="test_ng.TestCase_2" name="mul" time="1.981"/>
  <system-out/>
  <testcase classname="test_ng.TestCase_2" name="sub" time="1.584"/>
  <system-out/>
  <testcase classname="test_ng.TestCase_2" name="add" time="1.542"/>
  <system-out/>
</testsuite> <!-- test_ng.TestCase_2 -->
