<?xml version="1.0" encoding="UTF-8"?>
<!-- Generated by org.testng.reporters.JUnitReportReporter -->
<testsuite hostname="DESKTOP-EJ545S4" failures="0" tests="1" name="parallel_CrossBrow.GroupingOf_TestCases" time="0.008" errors="0" timestamp="2024-05-08T00:59:08 IST" skipped="0">
  <testcase classname="parallel_CrossBrow.GroupingOf_TestCases" name="testcase_3" time="0.008"/>
  <system-out/>
</testsuite> <!-- parallel_CrossBrow.GroupingOf_TestCases -->
