<?xml version="1.0" encoding="UTF-8"?>
<!-- Generated by org.testng.reporters.JUnitReportReporter -->
<testsuite hostname="DESKTOP-EJ545S4" failures="0" tests="1" name="common_TestNG.TestCase_22" time="2.717" errors="0" timestamp="2024-05-05T17:12:23 IST" skipped="0">
  <testcase classname="common_TestNG.TestCase_22" name="Test_Case" time="2.717"/>
  <system-out/>
</testsuite> <!-- common_TestNG.TestCase_22 -->
