<?xml version="1.0" encoding="UTF-8"?>
<!-- Generated by org.testng.reporters.JUnitReportReporter -->
<testsuite hostname="DESKTOP-EJ545S4" failures="0" tests="3" name="parallel_crossbrowser.Test_1" time="9.483" errors="0" timestamp="2024-05-08T00:51:25 IST" skipped="0">
  <testcase classname="parallel_crossbrowser.Test_1" name="Launch_Browser" time="3.801"/>
  <system-out/>
  <testcase classname="parallel_crossbrowser.Test_1" name="Launch_Browser" time="1.967"/>
  <system-out/>
  <testcase classname="parallel_crossbrowser.Test_1" name="Launch_Browser" time="3.715"/>
  <system-out/>
</testsuite> <!-- parallel_crossbrowser.Test_1 -->
