<?xml version="1.0" encoding="UTF-8"?>
<!-- Generated by org.testng.reporters.JUnitReportReporter -->
<testsuite hostname="DESKTOP-EJ545S4" failures="0" tests="1" name="final_exam.YouTube" time="10.146" errors="0" timestamp="2024-06-12T22:41:05 IST" skipped="0">
  <testcase classname="final_exam.YouTube" name="youtube" time="10.146"/>
  <system-out/>
</testsuite> <!-- final_exam.YouTube -->
