<?xml version="1.0" encoding="UTF-8"?>
<!-- Generated by org.testng.reporters.JUnitReportReporter -->
<testsuite hostname="DESKTOP-EJ545S4" failures="0" tests="1" name="assignment_maven.Assignment_201$TestNG_Annotations" time="0.006" errors="0" timestamp="2024-05-05T18:48:08 IST" skipped="0">
  <testcase classname="assignment_maven.Assignment_201$TestNG_Annotations" name="zog" time="0.006"/>
  <system-out/>
</testsuite> <!-- assignment_maven.Assignment_201$TestNG_Annotations -->
