<?xml version="1.0" encoding="UTF-8"?>
<!-- Generated by org.testng.reporters.JUnitReportReporter -->
<testsuite hostname="DESKTOP-EJ545S4" failures="0" tests="1" name="assignment_maven.Assignment_207" time="4.046" errors="0" timestamp="2024-05-05T18:30:43 IST" skipped="0">
  <testcase classname="assignment_maven.Assignment_207" name="testcase1" time="4.046"/>
  <system-out/>
</testsuite> <!-- assignment_maven.Assignment_207 -->
