<?xml version="1.0" encoding="UTF-8"?>
<!-- Generated by org.testng.reporters.JUnitReportReporter -->
<testsuite hostname="DESKTOP-EJ545S4" failures="0" tests="6" name="test_ng.Data_Provider_3" time="10.212" errors="0" timestamp="2024-05-10T02:00:21 IST" skipped="0">
  <testcase classname="test_ng.Data_Provider_3" name="method8" time="1.734"/>
  <system-out/>
  <testcase classname="test_ng.Data_Provider_3" name="method8" time="1.437"/>
  <system-out/>
  <testcase classname="test_ng.Data_Provider_3" name="method8" time="2.228"/>
  <system-out/>
  <testcase classname="test_ng.Data_Provider_3" name="method8" time="1.702"/>
  <system-out/>
  <testcase classname="test_ng.Data_Provider_3" name="method8" time="1.430"/>
  <system-out/>
  <testcase classname="test_ng.Data_Provider_3" name="method8" time="1.681"/>
  <system-out/>
</testsuite> <!-- test_ng.Data_Provider_3 -->
