<?xml version="1.0" encoding="UTF-8"?>
<!-- Generated by org.testng.reporters.JUnitReportReporter -->
<testsuite hostname="DESKTOP-EJ545S4" failures="0" tests="2" name="final_exam.Data_Provider_Amazon" time="9.071" errors="0" timestamp="2024-06-12T17:33:46 IST" skipped="0">
  <testcase classname="final_exam.Data_Provider_Amazon" name="amazon_searc" time="4.804"/>
  <system-out/>
  <testcase classname="final_exam.Data_Provider_Amazon" name="amazon_searc" time="4.267"/>
  <system-out/>
</testsuite> <!-- final_exam.Data_Provider_Amazon -->
