<?xml version="1.0" encoding="UTF-8"?>
<!-- Generated by org.testng.reporters.JUnitReportReporter -->
<testsuite hostname="DESKTOP-EJ545S4" failures="0" tests="1" name="common_TestNG.TestCase_33" time="3.452" errors="0" timestamp="2024-05-05T17:12:23 IST" skipped="0">
  <testcase classname="common_TestNG.TestCase_33" name="Test_Case" time="3.452"/>
  <system-out/>
</testsuite> <!-- common_TestNG.TestCase_33 -->
