<?xml version="1.0" encoding="UTF-8"?>
<!-- Generated by org.testng.reporters.JUnitReportReporter -->
<testsuite hostname="DESKTOP-EJ545S4" failures="0" tests="3" name="final_exam.Datta_Provider" time="24.716" errors="0" timestamp="2024-06-12T17:36:55 IST" skipped="0">
  <testcase classname="final_exam.Datta_Provider" name="people_search" time="7.466"/>
  <system-out/>
  <testcase classname="final_exam.Datta_Provider" name="people_search" time="9.877"/>
  <system-out/>
  <testcase classname="final_exam.Datta_Provider" name="people_search" time="7.373"/>
  <system-out/>
</testsuite> <!-- final_exam.Datta_Provider -->
