<?xml version="1.0" encoding="UTF-8"?>
<!-- Generated by org.testng.reporters.JUnitReportReporter -->
<testsuite hostname="DESKTOP-EJ545S4" failures="0" tests="1" name="crossBrowser.Test_4" time="0.007" errors="0" timestamp="2024-05-07T02:46:14 IST" skipped="0">
  <testcase classname="crossBrowser.Test_4" name="add3" time="0.007"/>
  <system-out/>
</testsuite> <!-- crossBrowser.Test_4 -->
