<?xml version="1.0" encoding="UTF-8"?>
<!-- Generated by org.testng.reporters.JUnitReportReporter -->
<testsuite hostname="DESKTOP-EJ545S4" failures="0" tests="1" name="parallel_CrossBrow.Test_22" time="5.522" errors="0" timestamp="2024-05-09T21:59:15 IST" skipped="0">
  <testcase classname="parallel_CrossBrow.Test_22" name="method_8" time="5.522"/>
  <system-out/>
</testsuite> <!-- parallel_CrossBrow.Test_22 -->
