<?xml version="1.0" encoding="UTF-8"?>
<!-- Generated by org.testng.reporters.JUnitReportReporter -->
<testsuite hostname="DESKTOP-EJ545S4" failures="0" tests="2" name="test_ng.TestNG_Annotations" time="0.007" errors="0" timestamp="2024-05-05T16:47:55 IST" skipped="0">
  <testcase classname="test_ng.TestNG_Annotations" name="dog" time="0.005"/>
  <system-out/>
  <testcase classname="test_ng.TestNG_Annotations" name="zog" time="0.002"/>
  <system-out/>
</testsuite> <!-- test_ng.TestNG_Annotations -->
