<?xml version="1.0" encoding="UTF-8"?>
<!-- Generated by org.testng.reporters.JUnitReportReporter -->
<testsuite hostname="DESKTOP-EJ545S4" failures="0" tests="3" name="parallel_CrossBrow.Cross_Brow" time="9.239" errors="0" timestamp="2024-05-08T00:50:20 IST" skipped="0">
  <testcase classname="parallel_CrossBrow.Cross_Brow" name="word1" time="4.076"/>
  <system-out/>
  <testcase classname="parallel_CrossBrow.Cross_Brow" name="word1" time="3.223"/>
  <system-out/>
  <testcase classname="parallel_CrossBrow.Cross_Brow" name="word1" time="1.940"/>
  <system-out/>
</testsuite> <!-- parallel_CrossBrow.Cross_Brow -->
