<?xml version="1.0" encoding="UTF-8"?>
<!-- Generated by org.testng.reporters.JUnitReportReporter -->
<testsuite hostname="DESKTOP-EJ545S4" failures="0" tests="1" name="parallel_CrossBrow.class_1" time="0.007" errors="0" timestamp="2024-05-08T00:00:16 IST" skipped="0">
  <testcase classname="parallel_CrossBrow.class_1" name="login_1" time="0.007"/>
  <system-out/>
</testsuite> <!-- parallel_CrossBrow.class_1 -->
