<?xml version="1.0" encoding="UTF-8"?>
<!-- Generated by org.testng.reporters.JUnitReportReporter -->
<testsuite hostname="DESKTOP-EJ545S4" failures="0" tests="1" name="test_ng.Amazon_To_Cart" time="15.182" errors="0" timestamp="2024-05-10T01:11:58 IST" skipped="0">
  <testcase classname="test_ng.Amazon_To_Cart" name="amazon_22" time="15.182"/>
  <system-out/>
</testsuite> <!-- test_ng.Amazon_To_Cart -->
