<?xml version="1.0" encoding="UTF-8"?>
<!-- Generated by org.testng.reporters.JUnitReportReporter -->
<testsuite hostname="DESKTOP-EJ545S4" failures="0" tests="8" name="test_ng.Data_Provider" time="0.014" errors="0" timestamp="2024-05-10T01:48:19 IST" skipped="0">
  <testcase classname="test_ng.Data_Provider" name="method_1_Addition" time="0.000"/>
  <system-out/>
  <testcase classname="test_ng.Data_Provider" name="method_2_Addition" time="0.001"/>
  <system-out/>
  <testcase classname="test_ng.Data_Provider" name="method_1_Addition" time="0.009"/>
  <system-out/>
  <testcase classname="test_ng.Data_Provider" name="method_2_Addition" time="0.000"/>
  <system-out/>
  <testcase classname="test_ng.Data_Provider" name="method_1_Addition" time="0.001"/>
  <system-out/>
  <testcase classname="test_ng.Data_Provider" name="method_2_Addition" time="0.001"/>
  <system-out/>
  <testcase classname="test_ng.Data_Provider" name="method_1_Addition" time="0.001"/>
  <system-out/>
  <testcase classname="test_ng.Data_Provider" name="method_2_Addition" time="0.001"/>
  <system-out/>
</testsuite> <!-- test_ng.Data_Provider -->
