<?xml version="1.0" encoding="UTF-8"?>
<!-- Generated by org.testng.reporters.JUnitReportReporter -->
<testsuite hostname="DESKTOP-EJ545S4" failures="0" tests="1" name="selenium.program.ExplicitWait_PopUp" time="1.133" errors="0" timestamp="2024-05-11T00:24:10 IST" skipped="0">
  <testcase classname="selenium.program.ExplicitWait_PopUp" name="popup" time="1.133"/>
  <system-out/>
</testsuite> <!-- selenium.program.ExplicitWait_PopUp -->
