<?xml version="1.0" encoding="UTF-8"?>
<!-- Generated by org.testng.reporters.JUnitReportReporter -->
<testsuite hostname="DESKTOP-EJ545S4" failures="0" tests="3" name="assignment_maven.Assignment_205" time="0.010" errors="0" timestamp="2024-05-05T18:37:17 IST" skipped="0">
  <testcase classname="assignment_maven.Assignment_205" name="add2" time="0.004"/>
  <system-out/>
  <testcase classname="assignment_maven.Assignment_205" name="add1" time="0.004"/>
  <system-out/>
  <testcase classname="assignment_maven.Assignment_205" name="add3" time="0.002"/>
  <system-out/>
</testsuite> <!-- assignment_maven.Assignment_205 -->
