<?xml version="1.0" encoding="UTF-8"?>
<!-- Generated by org.testng.reporters.JUnitReportReporter -->
<testsuite hostname="DESKTOP-EJ545S4" failures="0" tests="1" name="test_ng.ClassTest_7" time="3.641" errors="0" timestamp="2024-05-05T17:01:54 IST" skipped="0">
  <testcase classname="test_ng.ClassTest_7" name="Test_Case" time="3.641"/>
  <system-out/>
</testsuite> <!-- test_ng.ClassTest_7 -->
