<?xml version="1.0" encoding="UTF-8"?>
<!-- Generated by org.testng.reporters.JUnitReportReporter -->
<testsuite hostname="DESKTOP-EJ545S4" failures="0" tests="1" name="parallel_CrossBrow.Assert_2" time="4.518" errors="0" timestamp="2024-05-08T23:11:49 IST" skipped="0">
  <testcase classname="parallel_CrossBrow.Assert_2" name="method_1" time="4.518"/>
  <system-out/>
</testsuite> <!-- parallel_CrossBrow.Assert_2 -->
