<?xml version="1.0" encoding="UTF-8"?>
<!-- Generated by org.testng.reporters.JUnitReportReporter -->
<testsuite hostname="DESKTOP-EJ545S4" failures="0" tests="1" name="parallel_crossbrowser.Testcase_CrossBrowsing" time="2.435" errors="0" timestamp="2024-05-07T01:24:27 IST" skipped="0">
  <testcase classname="parallel_crossbrowser.Testcase_CrossBrowsing" name="add" time="2.435"/>
  <system-out/>
</testsuite> <!-- parallel_crossbrowser.Testcase_CrossBrowsing -->
