<?xml version="1.0" encoding="UTF-8"?>
<!-- Generated by org.testng.reporters.JUnitReportReporter -->
<testsuite hostname="DESKTOP-EJ545S4" failures="0" tests="6" name="test_ng.TestCase_3" time="0.012" errors="0" timestamp="2024-05-14T03:06:23 IST" skipped="0">
  <testcase classname="test_ng.TestCase_3" name="sub" time="0.001"/>
  <system-out/>
  <testcase classname="test_ng.TestCase_3" name="add" time="0.001"/>
  <system-out/>
  <testcase classname="test_ng.TestCase_3" name="add" time="0.000"/>
  <system-out/>
  <testcase classname="test_ng.TestCase_3" name="add" time="0.001"/>
  <system-out/>
  <testcase classname="test_ng.TestCase_3" name="add" time="0.008"/>
  <system-out/>
  <testcase classname="test_ng.TestCase_3" name="add" time="0.001"/>
  <system-out/>
</testsuite> <!-- test_ng.TestCase_3 -->
