<?xml version="1.0" encoding="UTF-8"?>
<!-- Generated by org.testng.reporters.JUnitReportReporter -->
<testsuite hostname="DESKTOP-EJ545S4" failures="0" tests="1" name="assignment_maven.Assignment_219" time="13.696" errors="0" timestamp="2024-05-10T00:21:13 IST" skipped="0">
  <testcase classname="assignment_maven.Assignment_219" name="Amazon_Cart" time="13.696"/>
  <system-out/>
</testsuite> <!-- assignment_maven.Assignment_219 -->
