<?xml version="1.0" encoding="UTF-8"?>
<!-- Generated by org.testng.reporters.JUnitReportReporter -->
<testsuite hostname="DESKTOP-EJ545S4" failures="0" tests="3" name="crossBrowser.Test_3" time="8.666" errors="0" timestamp="2024-05-07T02:28:23 IST" skipped="0">
  <testcase classname="crossBrowser.Test_3" name="sub" time="3.230"/>
  <system-out/>
  <testcase classname="crossBrowser.Test_3" name="sub" time="2.017"/>
  <system-out/>
  <testcase classname="crossBrowser.Test_3" name="sub" time="3.419"/>
  <system-out/>
</testsuite> <!-- crossBrowser.Test_3 -->
