<?xml version="1.0" encoding="UTF-8"?>
<!-- Generated by org.testng.reporters.JUnitReportReporter -->
<testsuite hostname="DESKTOP-EJ545S4" failures="0" tests="1" name="parallel_CrossBrow.Assert_1" time="2.893" errors="0" timestamp="2024-05-08T23:04:03 IST" skipped="0">
  <testcase classname="parallel_CrossBrow.Assert_1" name="method_1" time="2.893"/>
  <system-out/>
</testsuite> <!-- parallel_CrossBrow.Assert_1 -->
